<?xml version="1.0" encoding="UTF-8"?>
<!-- Generated by org.testng.reporters.JUnitXMLReporter -->
<testsuite ignored="0" hostname="DESKTOP-BTLCFE6" failures="1" tests="1" name="Add Customer Test" time="0.765" errors="0" timestamp="2024-03-05T12:14:54 EET">
  <testcase classname="testcases.AddCustomerTest" name="addCustomer" time="0.435">
    <failure type="java.lang.AssertionError" message="somereason">
      <![CDATA[java.lang.AssertionError: somereason
at testcases.AddCustomerTest.addCustomer(AddCustomerTest.java:23)
at java.base/java.util.ArrayList.forEach(ArrayList.java:1596)
... Removed 30 stack frames]]>
    </failure>
  </testcase> <!-- addCustomer -->
</testsuite> <!-- Add Customer Test -->
